D:\PROJECTS\BK\WIN32\DEBUG\LOGIC_VARMODULE.OBJ
D:\PROJECTS\BK\WIN32\DEBUG\LOGIC_CONTROLLER.OBJ
D:\PROJECTS\BK\WIN32\DEBUG\LOGIC_TREENODE.OBJ
D:\PROJECTS\BK\WIN32\DEBUG\LOGIC_TREE.OBJ
D:\PROJECTS\BK\WIN32\DEBUG\LOGIC_TEST.OBJ
D:\PROJECTS\BK\WIN32\DEBUG\LOGIC_PROJECT.OBJ
D:\PROJECTS\BK\WIN32\DEBUG\LOGIC_PROGRAM.OBJ
D:\PROJECTS\BK\WIN32\DEBUG\LOGIC_BASICMODULE.OBJ
D:\PROJECTS\BK\WIN32\DEBUG\LOGGER.OBJ
D:\PROJECTS\BK\WIN32\DEBUG\GRAPHIC.OBJ
D:\PROJECTS\BK\WIN32\DEBUG\MOC_VIEW.OBJ
D:\PROJECTS\BK\WIN32\DEBUG\MOC_PORTS.OBJ
D:\PROJECTS\BK\WIN32\DEBUG\MOC_MODULE.OBJ
D:\PROJECTS\BK\WIN32\DEBUG\MOC_MODE_SELECT.OBJ
D:\PROJECTS\BK\WIN32\DEBUG\MOC_MENUITEM.OBJ
D:\PROJECTS\BK\WIN32\DEBUG\MOC_MAINWINDOW.OBJ
D:\PROJECTS\BK\WIN32\DEBUG\MOC_GRAPHIC.OBJ
D:\PROJECTS\BK\WIN32\DEBUG\MOC_BOTTOM_LABEL.OBJ
D:\PROJECTS\BK\WIN32\DEBUG\BOTTOM_LABEL.OBJ
D:\PROJECTS\BK\WIN32\DEBUG\VIEW.OBJ
D:\PROJECTS\BK\WIN32\DEBUG\PROJECT.OBJ
D:\PROJECTS\BK\WIN32\DEBUG\PROGRAM.OBJ
D:\PROJECTS\BK\WIN32\DEBUG\PORTS.OBJ
D:\PROJECTS\BK\WIN32\DEBUG\MSGINTERFACE.OBJ
D:\PROJECTS\BK\WIN32\DEBUG\MODULE.OBJ
D:\PROJECTS\BK\WIN32\DEBUG\MODE_SELECT.OBJ
D:\PROJECTS\BK\WIN32\DEBUG\MENUITEM.OBJ
D:\PROJECTS\BK\WIN32\DEBUG\MAINWINDOW.OBJ
D:\PROJECTS\BK\WIN32\DEBUG\MAIN.OBJ
D:\PROJECTS\BK\WIN32\DEBUG\LOGIC_XMLIO.OBJ
D:\PROJECTS\BK\GENERATEDFILES\DEBUG\MOC_MAINWINDOW.CPP
D:\PROJECTS\BK\GENERATEDFILES\UI_MAINWINDOW.H
D:\PROJECTS\BK\GENERATEDFILES\DEBUG\MOC_BOTTOM_LABEL.CPP
D:\PROJECTS\BK\GENERATEDFILES\DEBUG\MOC_MENUITEM.CPP
D:\PROJECTS\BK\GENERATEDFILES\DEBUG\MOC_PORTS.CPP
D:\PROJECTS\BK\GENERATEDFILES\DEBUG\MOC_MODE_SELECT.CPP
D:\PROJECTS\BK\GENERATEDFILES\DEBUG\MOC_MODULE.CPP
D:\PROJECTS\BK\GENERATEDFILES\DEBUG\MOC_GRAPHIC.CPP
D:\PROJECTS\BK\GENERATEDFILES\DEBUG\MOC_VIEW.CPP
D:\PROJECTS\BK\GENERATEDFILES\QRC_IMAGE.CPP
D:\Projects\BK\Win32\Debug\bottom_label.obj
D:\Projects\BK\Win32\Debug\graphic.obj
D:\Projects\BK\Win32\Debug\logger.obj
D:\Projects\BK\Win32\Debug\logic_BasicModule.obj
D:\Projects\BK\Win32\Debug\logic_Controller.obj
D:\Projects\BK\Win32\Debug\logic_Program.obj
D:\Projects\BK\Win32\Debug\logic_Project.obj
D:\Projects\BK\Win32\Debug\logic_Test.obj
D:\Projects\BK\Win32\Debug\logic_Tree.obj
D:\Projects\BK\Win32\Debug\logic_TreeNode.obj
D:\Projects\BK\Win32\Debug\logic_VarModule.obj
D:\Projects\BK\Win32\Debug\logic_XmlIO.obj
D:\Projects\BK\Win32\Debug\main.obj
D:\Projects\BK\Win32\Debug\mainwindow.obj
D:\Projects\BK\Win32\Debug\menuitem.obj
D:\Projects\BK\Win32\Debug\moc_bottom_label.obj
D:\Projects\BK\Win32\Debug\moc_graphic.obj
D:\Projects\BK\Win32\Debug\moc_mainwindow.obj
D:\Projects\BK\Win32\Debug\moc_menuitem.obj
D:\Projects\BK\Win32\Debug\moc_mode_select.obj
D:\Projects\BK\Win32\Debug\moc_module.obj
D:\Projects\BK\Win32\Debug\moc_ports.obj
D:\Projects\BK\Win32\Debug\moc_view.obj
D:\Projects\BK\Win32\Debug\mode_select.obj
D:\Projects\BK\Win32\Debug\module.obj
D:\Projects\BK\Win32\Debug\msgInterface.obj
D:\Projects\BK\Win32\Debug\ports.obj
D:\Projects\BK\Win32\Debug\program.obj
D:\Projects\BK\Win32\Debug\project.obj
D:\Projects\BK\Win32\Debug\view.obj
D:\Projects\BK\Win32\Debug\cl.command.1.tlog
D:\Projects\BK\Win32\Debug\CL.read.1.tlog
D:\Projects\BK\Win32\Debug\CL.write.1.tlog
D:\Projects\BK\Win32\Debug\custombuild.command.1.tlog
D:\Projects\BK\Win32\Debug\custombuild.read.1.tlog
D:\Projects\BK\Win32\Debug\custombuild.write.1.tlog
D:\Projects\BK\Win32\Debug\vc110.pdb
