Build started 2015/9/28 23:48:33.
     1>Project "C:\Users\Administrator\Desktop\mainwindow1\mainwindow.vcxproj" on node 2 (Build target(s)).
     1>CustomBuild:
         Moc'ing mainwindow.h...
         Uic'ing mainwindow.ui...
         Moc'ing bottom_label.h...
         Moc'ing menuitem.h...
         Moc'ing ports.h...
         Moc'ing mode_select.h...
         Moc'ing module.h...
         Moc'ing graphic.h...
         Moc'ing view.h...
         Rcc'ing image.qrc...
       ClCompile:
         E:\vs2012\VC\bin\CL.exe /c /I. /IC:\Qt\5.5\msvc2012\include /IC:\Qt\5.5\msvc2012\include\QtWidgets /IC:\Qt\5.5\msvc2012\include\QtGui /IC:\Qt\5.5\msvc2012\include\QtANGLE /IC:\Qt\5.5\msvc2012\include\QtCore /Irelease /I. /I"C:\Qt\5.5\msvc2012\mkspecs\win32-msvc2012" /I.\GeneratedFiles /IC:\Qt\5.5\msvc2012\include\QtXml /nologo /W3 /WX- /O2 /Oy- /D _WINDOWS /D UNICODE /D WIN32 /D QT_NO_DEBUG /D QT_WIDGETS_LIB /D QT_GUI_LIB /D QT_CORE_LIB /D NDEBUG /D QT_XML_LIB /Gm- /EHsc /MD /GS /fp:precise /Zc:wchar_t /Zc:forScope /GR /Fo"Win32\Release\\" /Fd"Win32\Release\vc110.pdb" /Gd /TP /analyze- /errorReport:prompt -w34100 -w34189 -w44996 bottom_label.cpp GeneratedFiles\Release\moc_bottom_label.cpp GeneratedFiles\Release\moc_graphic.cpp GeneratedFiles\Release\moc_mainwindow.cpp GeneratedFiles\Release\moc_menuitem.cpp GeneratedFiles\Release\moc_mode_select.cpp GeneratedFiles\Release\moc_module.cpp GeneratedFiles\Release\moc_ports.cpp GeneratedFiles\Release\moc_view.cpp graphic.cpp main.cpp mainwindow.cpp menuitem.cpp mode_select.cpp module.cpp ports.cpp program.cpp project.cpp view.cpp
         bottom_label.cpp
     1>bottom_label.cpp(35): warning C4189: 'dropAction' : local variable is initialized but not referenced
         moc_bottom_label.cpp
         moc_graphic.cpp
         moc_mainwindow.cpp
         moc_menuitem.cpp
         moc_mode_select.cpp
         moc_module.cpp
         moc_ports.cpp
         moc_view.cpp
         graphic.cpp
         main.cpp
         mainwindow.cpp
     1>mainwindow.cpp(61): warning C4189: 'a' : local variable is initialized but not referenced
     1>mainwindow.cpp(72): warning C4189: 'layout' : local variable is initialized but not referenced
         menuitem.cpp
         mode_select.cpp
         module.cpp
     1>module.cpp(298): warning C4100: 'action' : unreferenced formal parameter
         ports.cpp
         program.cpp
         project.cpp
         view.cpp
     1>view.cpp(215): warning C4100: 'event' : unreferenced formal parameter
     1>view.cpp(241): warning C4100: 'event' : unreferenced formal parameter
         Generating Code...
         E:\vs2012\VC\bin\CL.exe /c /I. /IC:\Qt\5.5\msvc2012\include /IC:\Qt\5.5\msvc2012\include\QtWidgets /IC:\Qt\5.5\msvc2012\include\QtGui /IC:\Qt\5.5\msvc2012\include\QtANGLE /IC:\Qt\5.5\msvc2012\include\QtCore /Irelease /I. /I"C:\Qt\5.5\msvc2012\mkspecs\win32-msvc2012" /I.\GeneratedFiles /IC:\Qt\5.5\msvc2012\include\QtXml /nologo /W3 /WX- /O2 /Oy- /D _WINDOWS /D UNICODE /D WIN32 /D QT_NO_DEBUG /D QT_WIDGETS_LIB /D QT_GUI_LIB /D QT_CORE_LIB /D NDEBUG /D QT_XML_LIB /Gm- /EHsc /MD /GS /fp:precise /Zc:wchar_t /Zc:forScope /GR /Fo"Win32\Release\\" /Fd"Win32\Release\vc110.pdb" /Gd /TP /analyze- /errorReport:prompt -w34100 -w34189 -w44996 GeneratedFiles\qrc_image.cpp
         qrc_image.cpp
       Link:
         E:\vs2012\VC\bin\link.exe /ERRORREPORT:PROMPT /OUT:"release\\mainwindow.exe" /INCREMENTAL:NO /NOLOGO /LIBPATH:C:\Qt\5.5\msvc2012\lib /LIBPATH:C:/qt/5.5/msvc2012/lib /LIBPATH:C:\Qt\5.5\msvc2012\lib C:\Qt\5.5\msvc2012\lib\qtmain.lib shell32.lib C:/qt/5.5/msvc2012/lib\Qt5Core.lib C:\Qt\5.5\msvc2012\lib\Qt5Widgets.lib C:\Qt\5.5\msvc2012\lib\Qt5Gui.lib C:\Qt\5.5\msvc2012\lib\Qt5Core.lib Qt5Xml.lib kernel32.lib user32.lib gdi32.lib winspool.lib comdlg32.lib advapi32.lib shell32.lib ole32.lib oleaut32.lib uuid.lib odbc32.lib odbccp32.lib /MANIFEST /MANIFESTUAC:"level='asInvoker' uiAccess='false'" /manifest:embed /PDB:"release\mainwindow.pdb" /SUBSYSTEM:WINDOWS /TLBID:1 /DYNAMICBASE /NXCOMPAT /MACHINE:X86 /SAFESEH "/MANIFESTDEPENDENCY:type='win32' name='Microsoft.Windows.Common-Controls' version='6.0.0.0' publicKeyToken='6595b64144ccf1df' language='*' processorArchitecture='*'" Win32\Release\bottom_label.obj
         Win32\Release\qrc_image.obj
         Win32\Release\moc_bottom_label.obj
         Win32\Release\moc_graphic.obj
         Win32\Release\moc_mainwindow.obj
         Win32\Release\moc_menuitem.obj
         Win32\Release\moc_mode_select.obj
         Win32\Release\moc_module.obj
         Win32\Release\moc_ports.obj
         Win32\Release\moc_view.obj
         Win32\Release\graphic.obj
         Win32\Release\main.obj
         Win32\Release\mainwindow.obj
         Win32\Release\menuitem.obj
         Win32\Release\mode_select.obj
         Win32\Release\module.obj
         Win32\Release\ports.obj
         Win32\Release\program.obj
         Win32\Release\project.obj
         Win32\Release\view.obj
         mainwindow.vcxproj -> C:\Users\Administrator\Desktop\mainwindow1\release\mainwindow.exe
     1>Done Building Project "C:\Users\Administrator\Desktop\mainwindow1\mainwindow.vcxproj" (Build target(s)).

Build succeeded.

Time Elapsed 00:00:14.35
